<?xml version="1.0" encoding="utf-8"?><testsuites><testsuite name="pytest" errors="0" failures="0" skipped="0" tests="6" time="0.342" timestamp="2023-03-01T11:12:12.609450" hostname="Jennifers-MacBook-Pro.local"><testcase classname="pandas.tests.frame.indexing.test_insert.TestDataFrameInsert" name="test_insert" time="0.008" /><testcase classname="pandas.tests.frame.indexing.test_insert.TestDataFrameInsert" name="test_insert_column_bug_4032" time="0.023" /><testcase classname="pandas.tests.frame.indexing.test_insert.TestDataFrameInsert" name="test_insert_with_columns_dups" time="0.004" /><testcase classname="pandas.tests.frame.indexing.test_insert.TestDataFrameInsert" name="test_insert_item_cache" time="0.244" /><testcase classname="pandas.tests.frame.indexing.test_insert.TestDataFrameInsert" name="test_insert_EA_no_warning" time="0.005" /><testcase classname="pandas.tests.frame.indexing.test_insert.TestDataFrameInsert" name="test_insert_frame" time="0.001" /></testsuite></testsuites>