<?xml version="1.0" encoding="utf-8"?><testsuites><testsuite name="pytest" errors="0" failures="0" skipped="0" tests="8" time="0.296" timestamp="2023-03-01T14:25:39.542087" hostname="Jennifers-MacBook-Pro.local"><testcase classname="pandas.tests.frame.indexing.test_insert.TestDataFrameInsert" name="test_insert" time="0.010" /><testcase classname="pandas.tests.frame.indexing.test_insert.TestDataFrameInsert" name="test_insert_column_bug_4032" time="0.021" /><testcase classname="pandas.tests.frame.indexing.test_insert.TestDataFrameInsert" name="test_insert_with_columns_dups" time="0.003" /><testcase classname="pandas.tests.frame.indexing.test_insert.TestDataFrameInsert" name="test_insert_item_cache" time="0.188" /><testcase classname="pandas.tests.frame.indexing.test_insert.TestDataFrameInsert" name="test_insert_EA_no_warning" time="0.006" /><testcase classname="pandas.tests.frame.indexing.test_insert.TestDataFrameInsert" name="test_insert_frame" time="0.001" /><testcase classname="pandas.tests.frame.indexing.test_insert.TestDataFrameInsert" name="test_insert_no_index" time="0.003" /><testcase classname="pandas.tests.frame.indexing.test_insert.TestDataFrameInsert" name="test_insert_back" time="0.002" /></testsuite></testsuites>